<?xml version="1.0" encoding="UTF-8"?>
<!-- Generated by org.testng.reporters.JUnitXMLReporter -->
<testsuite ignored="5" hostname="TYSS-Shobha" failures="0" tests="2" name="Test1" time="79.722" errors="0" timestamp="2024-10-18T08:30:10 IST">
  <testcase classname="Campagins.CreateCampaignsTest" name="createCampaignsTest" time="25.543"/>
  <testcase classname="Campagins.CreateCampWithProductTest" name="createCampWithProductTest" time="29.212"/>
  <testcase classname="Generic_Utility.BaseClass" name="@BeforeTest bt" time="0.0">
    <ignored/>
  </testcase> <!-- @BeforeTest bt -->
  <testcase classname="Generic_Utility.BaseClass" name="@AfterSuite as" time="0.0">
    <ignored/>
  </testcase> <!-- @AfterSuite as -->
  <testcase classname="Campagins.CreateCampaignsTest" name="createOrganizationTest" time="0.0">
    <ignored/>
  </testcase> <!-- createOrganizationTest -->
  <testcase classname="Generic_Utility.BaseClass" name="@BeforeSuite bs" time="0.0">
    <ignored/>
  </testcase> <!-- @BeforeSuite bs -->
  <testcase classname="Generic_Utility.BaseClass" name="@AfterTest at" time="0.0">
    <ignored/>
  </testcase> <!-- @AfterTest at -->
</testsuite> <!-- Test1 -->
