<?xml version="1.0" encoding="UTF-8"?>
<!-- Generated by org.testng.reporters.JUnitXMLReporter -->
<testsuite ignored="4" hostname="TYSS-Shobha" failures="0" tests="2" name="Test2" time="69.866" errors="0" timestamp="2024-10-18T08:30:00 IST">
  <testcase classname="Organization.CreateOrganizationTest" name="createOrganizationTest" time="24.114"/>
  <testcase classname="Product.CreateProductTest" name="CreateProductTest" time="17.074"/>
  <testcase classname="Generic_Utility.BaseClass" name="@BeforeTest bt" time="0.0">
    <ignored/>
  </testcase> <!-- @BeforeTest bt -->
  <testcase classname="Generic_Utility.BaseClass" name="@AfterSuite as" time="0.0">
    <ignored/>
  </testcase> <!-- @AfterSuite as -->
  <testcase classname="Generic_Utility.BaseClass" name="@AfterTest at" time="0.0">
    <ignored/>
  </testcase> <!-- @AfterTest at -->
  <testcase classname="Generic_Utility.BaseClass" name="@BeforeSuite bs" time="0.0">
    <ignored/>
  </testcase> <!-- @BeforeSuite bs -->
</testsuite> <!-- Test2 -->
