<?xml version="1.0" encoding="UTF-8"?>
<!-- Generated by org.testng.reporters.JUnitXMLReporter -->
<testsuite ignored="1" hostname="TYSS-Shobha" failures="0" tests="1" name="TestRunner1" time="41.218" errors="0" timestamp="2024-10-19T08:18:10 IST">
  <testcase classname="Campagins.CreateCampaignsTest" name="createCampaignsTest" time="27.635"/>
  <testcase classname="Campagins.CreateCampaignsTest" name="createOrganizationTest" time="0.0">
    <ignored/>
  </testcase> <!-- createOrganizationTest -->
</testsuite> <!-- TestRunner1 -->
