<?xml version="1.0" encoding="UTF-8"?>
<testng-results ignored="0" total="3" passed="3" failed="0" skipped="0">
  <reporter-output>
  </reporter-output>
  <suite started-at="2024-11-05T07:43:03 IST" name="Suite" finished-at="2024-11-05T07:44:25 IST" duration-ms="81858">
    <groups>
      <group name="SmokeTest">
        <method signature="CreateOrganizationTest.createOrganizationTest()[pri:0, instance:Organization.CreateOrganizationTest@402c4085]" name="createOrganizationTest" class="Organization.CreateOrganizationTest"/>
      </group> <!-- SmokeTest -->
      <group name="RegressionTest">
        <method signature="CreateCampWithProductTest.createCampWithProductTest()[pri:0, instance:Campagins.CreateCampWithProductTest@57a78e3]" name="createCampWithProductTest" class="Campagins.CreateCampWithProductTest"/>
        <method signature="CreateOrganizationTest.createOrganizationTest()[pri:0, instance:Organization.CreateOrganizationTest@402c4085]" name="createOrganizationTest" class="Organization.CreateOrganizationTest"/>
      </group> <!-- RegressionTest -->
    </groups>
    <test started-at="2024-11-05T07:43:03 IST" name="Test" finished-at="2024-11-05T07:44:25 IST" duration-ms="81858">
      <class name="Campagins.CreateCampWithProductTest">
        <test-method is-config="true" signature="bc()[pri:0, instance:Campagins.CreateCampWithProductTest@57a78e3]" started-at="2024-11-05T07:43:25 IST" name="bc" finished-at="2024-11-05T07:43:27 IST" duration-ms="1564" status="PASS">
          <reporter-output>
          </reporter-output>
        </test-method> <!-- bc -->
        <test-method is-config="true" signature="bm()[pri:0, instance:Campagins.CreateCampWithProductTest@57a78e3]" started-at="2024-11-05T07:43:27 IST" name="bm" finished-at="2024-11-05T07:43:31 IST" duration-ms="4713" status="PASS">
          <reporter-output>
          </reporter-output>
        </test-method> <!-- bm -->
        <test-method signature="createCampWithProductTest()[pri:0, instance:Campagins.CreateCampWithProductTest@57a78e3]" started-at="2024-11-05T07:43:31 IST" name="createCampWithProductTest" finished-at="2024-11-05T07:43:59 IST" duration-ms="27921" status="PASS">
          <reporter-output>
          </reporter-output>
        </test-method> <!-- createCampWithProductTest -->
        <test-method is-config="true" signature="am()[pri:0, instance:Campagins.CreateCampWithProductTest@57a78e3]" started-at="2024-11-05T07:43:59 IST" name="am" finished-at="2024-11-05T07:44:01 IST" duration-ms="1978" status="PASS">
          <reporter-output>
          </reporter-output>
        </test-method> <!-- am -->
        <test-method is-config="true" signature="ac()[pri:0, instance:Campagins.CreateCampWithProductTest@57a78e3]" started-at="2024-11-05T07:44:01 IST" name="ac" finished-at="2024-11-05T07:44:02 IST" duration-ms="371" status="PASS">
          <reporter-output>
          </reporter-output>
        </test-method> <!-- ac -->
      </class> <!-- Campagins.CreateCampWithProductTest -->
      <class name="Campagins.CreateCampaignsTest">
        <test-method is-config="true" signature="bs()[pri:0, instance:Campagins.CreateCampaignsTest@16eb3ea3]" started-at="2024-11-05T07:43:03 IST" name="bs" finished-at="2024-11-05T07:43:03 IST" duration-ms="17" status="PASS">
          <reporter-output>
          </reporter-output>
        </test-method> <!-- bs -->
        <test-method is-config="true" signature="bt()[pri:0, instance:Campagins.CreateCampaignsTest@16eb3ea3]" started-at="2024-11-05T07:43:03 IST" name="bt" finished-at="2024-11-05T07:43:03 IST" duration-ms="2" status="PASS">
          <reporter-output>
          </reporter-output>
        </test-method> <!-- bt -->
        <test-method is-config="true" signature="bc()[pri:0, instance:Campagins.CreateCampaignsTest@16eb3ea3]" started-at="2024-11-05T07:43:03 IST" name="bc" finished-at="2024-11-05T07:43:05 IST" duration-ms="1931" status="PASS">
          <reporter-output>
          </reporter-output>
        </test-method> <!-- bc -->
        <test-method is-config="true" signature="bm()[pri:0, instance:Campagins.CreateCampaignsTest@16eb3ea3]" started-at="2024-11-05T07:43:05 IST" name="bm" finished-at="2024-11-05T07:43:10 IST" duration-ms="4642" status="PASS">
          <reporter-output>
          </reporter-output>
        </test-method> <!-- bm -->
        <test-method signature="createCampaignsTest()[pri:0, instance:Campagins.CreateCampaignsTest@16eb3ea3]" started-at="2024-11-05T07:43:10 IST" name="createCampaignsTest" finished-at="2024-11-05T07:43:23 IST" duration-ms="12830" status="PASS">
          <reporter-output>
          </reporter-output>
        </test-method> <!-- createCampaignsTest -->
        <test-method is-config="true" signature="am()[pri:0, instance:Campagins.CreateCampaignsTest@16eb3ea3]" started-at="2024-11-05T07:43:23 IST" name="am" finished-at="2024-11-05T07:43:25 IST" duration-ms="2070" status="PASS">
          <reporter-output>
          </reporter-output>
        </test-method> <!-- am -->
        <test-method is-config="true" signature="ac()[pri:0, instance:Campagins.CreateCampaignsTest@16eb3ea3]" started-at="2024-11-05T07:43:25 IST" name="ac" finished-at="2024-11-05T07:43:25 IST" duration-ms="319" status="PASS">
          <reporter-output>
          </reporter-output>
        </test-method> <!-- ac -->
        <test-method is-config="true" signature="at()[pri:0, instance:Campagins.CreateCampaignsTest@16eb3ea3]" started-at="2024-11-05T07:44:25 IST" name="at" finished-at="2024-11-05T07:44:25 IST" duration-ms="0" status="PASS">
          <reporter-output>
          </reporter-output>
        </test-method> <!-- at -->
        <test-method is-config="true" signature="as()[pri:0, instance:Campagins.CreateCampaignsTest@16eb3ea3]" started-at="2024-11-05T07:44:25 IST" name="as" finished-at="2024-11-05T07:44:25 IST" duration-ms="0" status="PASS">
          <reporter-output>
          </reporter-output>
        </test-method> <!-- as -->
      </class> <!-- Campagins.CreateCampaignsTest -->
      <class name="Organization.CreateOrganizationTest">
        <test-method is-config="true" signature="bc()[pri:0, instance:Organization.CreateOrganizationTest@402c4085]" started-at="2024-11-05T07:44:02 IST" name="bc" finished-at="2024-11-05T07:44:03 IST" duration-ms="1340" status="PASS">
          <reporter-output>
          </reporter-output>
        </test-method> <!-- bc -->
        <test-method is-config="true" signature="bm()[pri:0, instance:Organization.CreateOrganizationTest@402c4085]" started-at="2024-11-05T07:44:03 IST" name="bm" finished-at="2024-11-05T07:44:08 IST" duration-ms="4620" status="PASS">
          <reporter-output>
          </reporter-output>
        </test-method> <!-- bm -->
        <test-method signature="createOrganizationTest()[pri:0, instance:Organization.CreateOrganizationTest@402c4085]" started-at="2024-11-05T07:44:08 IST" name="createOrganizationTest" finished-at="2024-11-05T07:44:22 IST" duration-ms="14515" status="PASS">
          <reporter-output>
          </reporter-output>
        </test-method> <!-- createOrganizationTest -->
        <test-method is-config="true" signature="am()[pri:0, instance:Organization.CreateOrganizationTest@402c4085]" started-at="2024-11-05T07:44:22 IST" name="am" finished-at="2024-11-05T07:44:24 IST" duration-ms="2171" status="PASS">
          <reporter-output>
          </reporter-output>
        </test-method> <!-- am -->
        <test-method is-config="true" signature="ac()[pri:0, instance:Organization.CreateOrganizationTest@402c4085]" started-at="2024-11-05T07:44:24 IST" name="ac" finished-at="2024-11-05T07:44:25 IST" duration-ms="275" status="PASS">
          <reporter-output>
          </reporter-output>
        </test-method> <!-- ac -->
      </class> <!-- Organization.CreateOrganizationTest -->
    </test> <!-- Test -->
  </suite> <!-- Suite -->
</testng-results>
